/scratch/pm2758/anaconda3/envs/py36/lib/python3.6/site-packages/torch/serialization.py:434: SourceChangeWarning: source code of class 'models.Encoder' has changed. you can retrieve the original source code by accessing the object's source attribute or set `torch.nn.Module.dump_patches = True` and use the patch tool to revert the changes.
  warnings.warn(msg, SourceChangeWarning)
/scratch/pm2758/anaconda3/envs/py36/lib/python3.6/site-packages/torch/serialization.py:434: SourceChangeWarning: source code of class 'torch.nn.modules.container.Sequential' has changed. you can retrieve the original source code by accessing the object's source attribute or set `torch.nn.Module.dump_patches = True` and use the patch tool to revert the changes.
  warnings.warn(msg, SourceChangeWarning)
/scratch/pm2758/anaconda3/envs/py36/lib/python3.6/site-packages/torch/serialization.py:434: SourceChangeWarning: source code of class 'torch.nn.modules.conv.Conv2d' has changed. you can retrieve the original source code by accessing the object's source attribute or set `torch.nn.Module.dump_patches = True` and use the patch tool to revert the changes.
  warnings.warn(msg, SourceChangeWarning)
/scratch/pm2758/anaconda3/envs/py36/lib/python3.6/site-packages/torch/serialization.py:434: SourceChangeWarning: source code of class 'torch.nn.modules.batchnorm.BatchNorm2d' has changed. you can retrieve the original source code by accessing the object's source attribute or set `torch.nn.Module.dump_patches = True` and use the patch tool to revert the changes.
  warnings.warn(msg, SourceChangeWarning)
/scratch/pm2758/anaconda3/envs/py36/lib/python3.6/site-packages/torch/serialization.py:434: SourceChangeWarning: source code of class 'torch.nn.modules.activation.ReLU' has changed. you can retrieve the original source code by accessing the object's source attribute or set `torch.nn.Module.dump_patches = True` and use the patch tool to revert the changes.
  warnings.warn(msg, SourceChangeWarning)
/scratch/pm2758/anaconda3/envs/py36/lib/python3.6/site-packages/torch/serialization.py:434: SourceChangeWarning: source code of class 'torch.nn.modules.pooling.MaxPool2d' has changed. you can retrieve the original source code by accessing the object's source attribute or set `torch.nn.Module.dump_patches = True` and use the patch tool to revert the changes.
  warnings.warn(msg, SourceChangeWarning)
/scratch/pm2758/anaconda3/envs/py36/lib/python3.6/site-packages/torch/serialization.py:434: SourceChangeWarning: source code of class 'torch.nn.modules.pooling.AdaptiveAvgPool2d' has changed. you can retrieve the original source code by accessing the object's source attribute or set `torch.nn.Module.dump_patches = True` and use the patch tool to revert the changes.
  warnings.warn(msg, SourceChangeWarning)
/scratch/pm2758/anaconda3/envs/py36/lib/python3.6/site-packages/torch/serialization.py:434: SourceChangeWarning: source code of class 'models.DecoderWithAttention' has changed. you can retrieve the original source code by accessing the object's source attribute or set `torch.nn.Module.dump_patches = True` and use the patch tool to revert the changes.
  warnings.warn(msg, SourceChangeWarning)
/scratch/pm2758/anaconda3/envs/py36/lib/python3.6/site-packages/torch/serialization.py:434: SourceChangeWarning: source code of class 'models.Attention' has changed. you can retrieve the original source code by accessing the object's source attribute or set `torch.nn.Module.dump_patches = True` and use the patch tool to revert the changes.
  warnings.warn(msg, SourceChangeWarning)
/scratch/pm2758/anaconda3/envs/py36/lib/python3.6/site-packages/torch/serialization.py:434: SourceChangeWarning: source code of class 'torch.nn.modules.linear.Linear' has changed. you can retrieve the original source code by accessing the object's source attribute or set `torch.nn.Module.dump_patches = True` and use the patch tool to revert the changes.
  warnings.warn(msg, SourceChangeWarning)
/scratch/pm2758/anaconda3/envs/py36/lib/python3.6/site-packages/torch/serialization.py:434: SourceChangeWarning: source code of class 'torch.nn.modules.activation.Softmax' has changed. you can retrieve the original source code by accessing the object's source attribute or set `torch.nn.Module.dump_patches = True` and use the patch tool to revert the changes.
  warnings.warn(msg, SourceChangeWarning)
/scratch/pm2758/anaconda3/envs/py36/lib/python3.6/site-packages/torch/serialization.py:434: SourceChangeWarning: source code of class 'torch.nn.modules.sparse.Embedding' has changed. you can retrieve the original source code by accessing the object's source attribute or set `torch.nn.Module.dump_patches = True` and use the patch tool to revert the changes.
  warnings.warn(msg, SourceChangeWarning)
/scratch/pm2758/anaconda3/envs/py36/lib/python3.6/site-packages/torch/serialization.py:434: SourceChangeWarning: source code of class 'torch.nn.modules.dropout.Dropout' has changed. you can retrieve the original source code by accessing the object's source attribute or set `torch.nn.Module.dump_patches = True` and use the patch tool to revert the changes.
  warnings.warn(msg, SourceChangeWarning)
/scratch/pm2758/anaconda3/envs/py36/lib/python3.6/site-packages/torch/serialization.py:434: SourceChangeWarning: source code of class 'torch.nn.modules.rnn.LSTMCell' has changed. you can retrieve the original source code by accessing the object's source attribute or set `torch.nn.Module.dump_patches = True` and use the patch tool to revert the changes.
  warnings.warn(msg, SourceChangeWarning)
/scratch/pm2758/anaconda3/envs/py36/lib/python3.6/site-packages/torch/serialization.py:434: SourceChangeWarning: source code of class 'torch.nn.modules.activation.Sigmoid' has changed. you can retrieve the original source code by accessing the object's source attribute or set `torch.nn.Module.dump_patches = True` and use the patch tool to revert the changes.
  warnings.warn(msg, SourceChangeWarning)
/scratch/pm2758/anaconda3/envs/py36/lib/python3.6/site-packages/skimage/transform/_warps.py:24: UserWarning: The default multichannel argument (None) is deprecated.  Please specify either True or False explicitly.  multichannel will default to False starting with release 0.16.
  warn('The default multichannel argument (None) is deprecated.  Please '
